Traceback (most recent call last):
  File "/opt/hostedtoolcache/Python/3.8.7/x64/lib/python3.8/site-packages/jupyter_cache/executors/utils.py", line 51, in single_nb_execution
    executenb(
  File "/opt/hostedtoolcache/Python/3.8.7/x64/lib/python3.8/site-packages/nbclient/client.py", line 1087, in execute
    return NotebookClient(nb=nb, resources=resources, km=km, **kwargs).execute()
  File "/opt/hostedtoolcache/Python/3.8.7/x64/lib/python3.8/site-packages/nbclient/util.py", line 74, in wrapped
    return just_run(coro(*args, **kwargs))
  File "/opt/hostedtoolcache/Python/3.8.7/x64/lib/python3.8/site-packages/nbclient/util.py", line 53, in just_run
    return loop.run_until_complete(coro)
  File "/opt/hostedtoolcache/Python/3.8.7/x64/lib/python3.8/asyncio/base_events.py", line 616, in run_until_complete
    return future.result()
  File "/opt/hostedtoolcache/Python/3.8.7/x64/lib/python3.8/site-packages/nbclient/client.py", line 540, in async_execute
    await self.async_execute_cell(
  File "/opt/hostedtoolcache/Python/3.8.7/x64/lib/python3.8/site-packages/nbclient/client.py", line 832, in async_execute_cell
    self._check_raise_for_error(cell, exec_reply)
  File "/opt/hostedtoolcache/Python/3.8.7/x64/lib/python3.8/site-packages/nbclient/client.py", line 740, in _check_raise_for_error
    raise CellExecutionError.from_cell_and_msg(cell, exec_reply['content'])
nbclient.exceptions.CellExecutionError: An error occurred while executing the following cell:
------------------
# Top 10 genres by IMDB Rating
m_genre_mean = voted_movies_genres.groupby(['Genre']).mean()
m_genre_mean.drop('Unnamed: 0', axis=1, inplace=True)
m_genre_mean.sort_values(by='imdbRating',ascending=False,inplace=True).head(10)
------------------

[0;31m---------------------------------------------------------------------------[0m
[0;31mKeyError[0m                                  Traceback (most recent call last)
[0;32m<ipython-input-33-edd84b30c579>[0m in [0;36m<module>[0;34m[0m
[1;32m      1[0m [0;31m# Top 10 genres by IMDB Rating[0m[0;34m[0m[0;34m[0m[0;34m[0m[0m
[1;32m      2[0m [0mm_genre_mean[0m [0;34m=[0m [0mvoted_movies_genres[0m[0;34m.[0m[0mgroupby[0m[0;34m([0m[0;34m[[0m[0;34m'Genre'[0m[0;34m][0m[0;34m)[0m[0;34m.[0m[0mmean[0m[0;34m([0m[0;34m)[0m[0;34m[0m[0;34m[0m[0m
[0;32m----> 3[0;31m [0mm_genre_mean[0m[0;34m.[0m[0mdrop[0m[0;34m([0m[0;34m'Unnamed: 0'[0m[0;34m,[0m [0maxis[0m[0;34m=[0m[0;36m1[0m[0;34m,[0m [0minplace[0m[0;34m=[0m[0;32mTrue[0m[0;34m)[0m[0;34m[0m[0;34m[0m[0m
[0m[1;32m      4[0m [0mm_genre_mean[0m[0;34m.[0m[0msort_values[0m[0;34m([0m[0mby[0m[0;34m=[0m[0;34m'imdbRating'[0m[0;34m,[0m[0mascending[0m[0;34m=[0m[0;32mFalse[0m[0;34m,[0m[0minplace[0m[0;34m=[0m[0;32mTrue[0m[0;34m)[0m[0;34m.[0m[0mhead[0m[0;34m([0m[0;36m10[0m[0;34m)[0m[0;34m[0m[0;34m[0m[0m

[0;32m/opt/hostedtoolcache/Python/3.8.7/x64/lib/python3.8/site-packages/pandas/core/frame.py[0m in [0;36mdrop[0;34m(self, labels, axis, index, columns, level, inplace, errors)[0m
[1;32m   4303[0m                 [0mweight[0m  [0;36m1.0[0m     [0;36m0.8[0m[0;34m[0m[0;34m[0m[0m
[1;32m   4304[0m         """
[0;32m-> 4305[0;31m         return super().drop(
[0m[1;32m   4306[0m             [0mlabels[0m[0;34m=[0m[0mlabels[0m[0;34m,[0m[0;34m[0m[0;34m[0m[0m
[1;32m   4307[0m             [0maxis[0m[0;34m=[0m[0maxis[0m[0;34m,[0m[0;34m[0m[0;34m[0m[0m

[0;32m/opt/hostedtoolcache/Python/3.8.7/x64/lib/python3.8/site-packages/pandas/core/generic.py[0m in [0;36mdrop[0;34m(self, labels, axis, index, columns, level, inplace, errors)[0m
[1;32m   4150[0m         [0;32mfor[0m [0maxis[0m[0;34m,[0m [0mlabels[0m [0;32min[0m [0maxes[0m[0;34m.[0m[0mitems[0m[0;34m([0m[0;34m)[0m[0;34m:[0m[0;34m[0m[0;34m[0m[0m
[1;32m   4151[0m             [0;32mif[0m [0mlabels[0m [0;32mis[0m [0;32mnot[0m [0;32mNone[0m[0;34m:[0m[0;34m[0m[0;34m[0m[0m
[0;32m-> 4152[0;31m                 [0mobj[0m [0;34m=[0m [0mobj[0m[0;34m.[0m[0m_drop_axis[0m[0;34m([0m[0mlabels[0m[0;34m,[0m [0maxis[0m[0;34m,[0m [0mlevel[0m[0;34m=[0m[0mlevel[0m[0;34m,[0m [0merrors[0m[0;34m=[0m[0merrors[0m[0;34m)[0m[0;34m[0m[0;34m[0m[0m
[0m[1;32m   4153[0m [0;34m[0m[0m
[1;32m   4154[0m         [0;32mif[0m [0minplace[0m[0;34m:[0m[0;34m[0m[0;34m[0m[0m

[0;32m/opt/hostedtoolcache/Python/3.8.7/x64/lib/python3.8/site-packages/pandas/core/generic.py[0m in [0;36m_drop_axis[0;34m(self, labels, axis, level, errors)[0m
[1;32m   4185[0m                 [0mnew_axis[0m [0;34m=[0m [0maxis[0m[0;34m.[0m[0mdrop[0m[0;34m([0m[0mlabels[0m[0;34m,[0m [0mlevel[0m[0;34m=[0m[0mlevel[0m[0;34m,[0m [0merrors[0m[0;34m=[0m[0merrors[0m[0;34m)[0m[0;34m[0m[0;34m[0m[0m
[1;32m   4186[0m             [0;32melse[0m[0;34m:[0m[0;34m[0m[0;34m[0m[0m
[0;32m-> 4187[0;31m                 [0mnew_axis[0m [0;34m=[0m [0maxis[0m[0;34m.[0m[0mdrop[0m[0;34m([0m[0mlabels[0m[0;34m,[0m [0merrors[0m[0;34m=[0m[0merrors[0m[0;34m)[0m[0;34m[0m[0;34m[0m[0m
[0m[1;32m   4188[0m             [0mresult[0m [0;34m=[0m [0mself[0m[0;34m.[0m[0mreindex[0m[0;34m([0m[0;34m**[0m[0;34m{[0m[0maxis_name[0m[0;34m:[0m [0mnew_axis[0m[0;34m}[0m[0;34m)[0m[0;34m[0m[0;34m[0m[0m
[1;32m   4189[0m [0;34m[0m[0m

[0;32m/opt/hostedtoolcache/Python/3.8.7/x64/lib/python3.8/site-packages/pandas/core/indexes/base.py[0m in [0;36mdrop[0;34m(self, labels, errors)[0m
[1;32m   5589[0m         [0;32mif[0m [0mmask[0m[0;34m.[0m[0many[0m[0;34m([0m[0;34m)[0m[0;34m:[0m[0;34m[0m[0;34m[0m[0m
[1;32m   5590[0m             [0;32mif[0m [0merrors[0m [0;34m!=[0m [0;34m"ignore"[0m[0;34m:[0m[0;34m[0m[0;34m[0m[0m
[0;32m-> 5591[0;31m                 [0;32mraise[0m [0mKeyError[0m[0;34m([0m[0;34mf"{labels[mask]} not found in axis"[0m[0;34m)[0m[0;34m[0m[0;34m[0m[0m
[0m[1;32m   5592[0m             [0mindexer[0m [0;34m=[0m [0mindexer[0m[0;34m[[0m[0;34m~[0m[0mmask[0m[0;34m][0m[0;34m[0m[0;34m[0m[0m
[1;32m   5593[0m         [0;32mreturn[0m [0mself[0m[0;34m.[0m[0mdelete[0m[0;34m([0m[0mindexer[0m[0;34m)[0m[0;34m[0m[0;34m[0m[0m

[0;31mKeyError[0m: "['Unnamed: 0'] not found in axis"
KeyError: "['Unnamed: 0'] not found in axis"

